<?xml version="1.0" encoding="UTF-8"?>
<testsuite xmlns:xsi="http://www.w3.org/2001/XMLSchema-instance" xsi:noNamespaceSchemaLocation="https://maven.apache.org/surefire/maven-surefire-plugin/xsd/surefire-test-report-3.0.xsd" version="3.0" name="org.ommp.ommpspring.OmmpSpringApplicationTests" time="3.506" tests="1" errors="0" skipped="0" failures="0">
  <properties>
[...]
</properties>
  <testcase name="contextLoads" classname="org.ommp.ommpspring.OmmpSpringApplicationTests" time="0.392">
    <system-out><![CDATA[18:05:20.571 [main] INFO org.springframework.test.context.support.AnnotationConfigContextLoaderUtils -- Could not detect default configuration classes for test class [org.ommp.ommpspring.OmmpSpringApplicationTests]: OmmpSpringApplicationTests does not declare any static, non-private, non-final, nested classes annotated with @Configuration.
18:05:20.645 [main] INFO org.springframework.boot.test.context.SpringBootTestContextBootstrapper -- Found @SpringBootConfiguration org.ommp.ommpspring.OmmpSpringApplication for test class org.ommp.ommpspring.OmmpSpringApplicationTests
18:05:20.772 [main] INFO org.springframework.boot.devtools.restart.RestartApplicationListener -- Restart disabled due to context in which it is running

  .   ____          _            __ _ _
 /\\ / ___'_ __ _ _(_)_ __  __ _ \ \ \ \
( ( )\___ | '_ | '_| | '_ \/ _` | \ \ \ \
 \\/  ___)| |_)| | | | | || (_| |  ) ) ) )
  '  |____| .__|_| |_|_| |_\__, | / / / /
 =========|_|==============|___/=/_/_/_/
 :: Spring Boot ::                (v3.2.2)

2024-02-12T18:05:20.943+01:00  INFO 9848 --- [           main] o.o.o.OmmpSpringApplicationTests         : Starting OmmpSpringApplicationTests using Java 17.0.9 with PID 9848 (started by MSI in C:\Users\MSI\Desktop\ommpSpring\ommpSpring)
2024-02-12T18:05:20.944+01:00  INFO 9848 --- [           main] o.o.o.OmmpSpringApplicationTests         : No active profile set, falling back to 1 default profile: "default"
2024-02-12T18:05:21.438+01:00  INFO 9848 --- [           main] .s.d.r.c.RepositoryConfigurationDelegate : Bootstrapping Spring Data JPA repositories in DEFAULT mode.
2024-02-12T18:05:21.457+01:00  INFO 9848 --- [           main] .s.d.r.c.RepositoryConfigurationDelegate : Finished Spring Data repository scanning in 10 ms. Found 0 JPA repository interfaces.
2024-02-12T18:05:21.786+01:00  INFO 9848 --- [           main] o.hibernate.jpa.internal.util.LogHelper  : HHH000204: Processing PersistenceUnitInfo [name: default]
2024-02-12T18:05:21.820+01:00  INFO 9848 --- [           main] org.hibernate.Version                    : HHH000412: Hibernate ORM core version 6.4.1.Final
2024-02-12T18:05:21.840+01:00  INFO 9848 --- [           main] o.h.c.internal.RegionFactoryInitiator    : HHH000026: Second-level cache disabled
2024-02-12T18:05:22.018+01:00  INFO 9848 --- [           main] o.s.o.j.p.SpringPersistenceUnitInfo      : No LoadTimeWeaver setup: ignoring JPA class transformer
2024-02-12T18:05:22.040+01:00  INFO 9848 --- [           main] com.zaxxer.hikari.HikariDataSource       : HikariPool-1 - Starting...
2024-02-12T18:05:22.148+01:00  INFO 9848 --- [           main] com.zaxxer.hikari.pool.HikariPool        : HikariPool-1 - Added connection com.mysql.cj.jdbc.ConnectionImpl@3866c96e
2024-02-12T18:05:22.150+01:00  INFO 9848 --- [           main] com.zaxxer.hikari.HikariDataSource       : HikariPool-1 - Start completed.
2024-02-12T18:05:22.185+01:00  WARN 9848 --- [           main] org.hibernate.dialect.Dialect            : HHH000511: The 5.5.0 version for [org.hibernate.dialect.MySQLDialect] is no longer supported, hence certain features may not work properly. The minimum supported version is 8.0.0. Check the community dialects project for available legacy versions.
2024-02-12T18:05:22.725+01:00  INFO 9848 --- [           main] o.h.e.t.j.p.i.JtaPlatformInitiator       : HHH000489: No JTA platform available (set 'hibernate.transaction.jta.platform' to enable JTA platform integration)
Hibernate: drop table if exists user
Hibernate: create table user (cin integer, id bigint not null auto_increment, num_tel bigint, email varchar(255), nom varchar(255), password varchar(255), prenom varchar(255), primary key (id)) engine=InnoDB
Hibernate: alter table user add constraint UK_74u0aip4xj0n5mv3aooxd304a unique (cin)
Hibernate: alter table user add constraint UK_3xnq3gwi1lbcuvl2ntoxa0rjp unique (num_tel)
Hibernate: alter table user add constraint UK_ob8kqyqqgmefl0aco34akdtpe unique (email)
2024-02-12T18:05:22.805+01:00  INFO 9848 --- [           main] j.LocalContainerEntityManagerFactoryBean : Initialized JPA EntityManagerFactory for persistence unit 'default'
2024-02-12T18:05:22.915+01:00  WARN 9848 --- [           main] JpaBaseConfiguration$JpaWebConfiguration : spring.jpa.open-in-view is enabled by default. Therefore, database queries may be performed during view rendering. Explicitly configure spring.jpa.open-in-view to disable this warning
2024-02-12T18:05:23.374+01:00  WARN 9848 --- [           main] .s.s.UserDetailsServiceAutoConfiguration : 

Using generated security password: 472dabbe-d260-409f-8e6f-da067fbcc17a

This generated password is for development use only. Your security configuration must be updated before running your application in production.

2024-02-12T18:05:23.485+01:00  INFO 9848 --- [           main] o.s.s.web.DefaultSecurityFilterChain     : Will secure any request with [org.springframework.security.web.session.DisableEncodeUrlFilter@397bd46b, org.springframework.security.web.context.request.async.WebAsyncManagerIntegrationFilter@d863bb, org.springframework.security.web.context.SecurityContextHolderFilter@574e4184, org.springframework.security.web.header.HeaderWriterFilter@556e4588, org.springframework.web.filter.CorsFilter@76ebd595, org.springframework.security.web.csrf.CsrfFilter@64e247e, org.springframework.security.web.authentication.logout.LogoutFilter@5418893c, org.springframework.security.web.authentication.UsernamePasswordAuthenticationFilter@a7fd77f, org.springframework.security.web.authentication.ui.DefaultLoginPageGeneratingFilter@2003edf, org.springframework.security.web.authentication.ui.DefaultLogoutPageGeneratingFilter@4560eb15, org.springframework.security.web.authentication.www.BasicAuthenticationFilter@2cdb53d6, org.springframework.security.web.savedrequest.RequestCacheAwareFilter@50d6af87, org.springframework.security.web.servletapi.SecurityContextHolderAwareRequestFilter@765eb801, org.springframework.security.web.authentication.AnonymousAuthenticationFilter@225fb75e, org.springframework.security.web.access.ExceptionTranslationFilter@574413bd, org.springframework.security.web.access.intercept.AuthorizationFilter@6d40a2b]
2024-02-12T18:05:23.526+01:00  INFO 9848 --- [           main] o.o.o.OmmpSpringApplicationTests         : Started OmmpSpringApplicationTests in 2.765 seconds (process running for 3.738)
]]></system-out>
  </testcase>
</testsuite>